<?xml version="1.0" encoding="UTF-8" ?>
<testsuite errors="0" failures="0" hostname="DESKTOP-8R4A9FK" name="HangmanTest" skipped="2" tests="10" time="0.187" timestamp="2017-04-30T11:14:55">
  <properties>
[...]
</properties>
  <testcase classname="HangmanTest" name="singleWordDictionaryReturnsCorrectGoalWord" time="0.059" />
  <testcase classname="HangmanTest" name="guessingALetterWhenNoGoalWordThrowsError" time="0.0">
    <skipped message="Not possible to test due to constructor throwing an error when no goal words of specified length" />
  </testcase>
  <testcase classname="HangmanTest" name="hangmanConstructorThrowsErrorWhenAnArgumentIsOutOfRange" time="0.001" />
  <testcase classname="HangmanTest" name="guessingTheSameLetterTwiceThrowsError" time="0.007" />
  <testcase classname="HangmanTest" name="helloReturnsCorrectPatternsAndStateAfterMixOfCorrectAndIncorrectGuesses" time="0.005" />
  <testcase classname="HangmanTest" name="whenNoLettersHaveBeenGuessedReturnPatternIsStringOfDashes" time="0.047" />
  <testcase classname="HangmanTest" name="wordListContainsWordsOfCorrectSize" time="0.002" />
  <testcase classname="HangmanTest" name="guessingALetterWhenNoGuessesRemainThrowsError" time="0.0" />
  <testcase classname="HangmanTest" name="helloReturnsCorrectPatternAfterSuccessiveCorrectGuesses" time="0.001" />
  <testcase classname="HangmanTest" name="wordListReturnsSizeOfZeroWhenNoWordsMatchGivenLength" time="0.0">
    <skipped message="Not possible to test due to constructor throwing error when no goal word of specified size exists" />
  </testcase>
  <system-out><![CDATA[]]></system-out>
  <system-err><![CDATA[]]></system-err>
</testsuite>
